2015-10-12 15:05:21;Knni0b;Knni0b;Knni0b;YEMA;UpdateOrderStatus;windows;6;Java Exception;tSOAP_1;com.sun.xml.internal.messaging.saaj.SOAPExceptionImpl:com.sun.xml.internal.messaging.saaj.SOAPExceptionImpl: Invalid Content-Type:text/html. Is this an error message instead of a SOAP response?;1
2015-10-12 15:05:22;Knni0b;Knni0b;Knni0b;YEMA;UpdateOrderStatus;windows;6;Java Exception;tFileCopy_1;java.lang.RuntimeException:The source File "E:/projects/yema/etl/dataload/orders/in/orders_status_update.csv" does not exist or is not a file.;1
2015-10-12 15:06:43;5pBidV;5pBidV;5pBidV;YEMA;UpdateOrderStatus;windows;5;tDie;tDie_6;can't connect to ftp localhost;6
2015-10-12 15:08:24;5X0jTo;5X0jTo;5X0jTo;YEMA;UpdateOrderStatus;windows;5;tDie;tDie_2;Another Job is running... exiting;4
main INFO  getorders_0_5.GetOrders - Job failed with error
main INFO  getorders_0_5.GetOrders - 1
main INFO  getorders_0_5.GetOrders - java.io.IOException:The system cannot find the path specified
2015-10-12 15:41:37;mkM1p1;mkM1p1;mkM1p1;YEMA;GetOrders;windows;6;Java Exception;tFileTouch_1;java.io.IOException:The system cannot find the path specified;1
main INFO  getorders_0_5.GetOrders - no soap response, not orders[processing] to extract
main INFO  getorders_0_5.GetOrders - Job completed successfully...
main INFO  getorders_0_5.GetOrders - no soap response, not orders[processing] to extract
main INFO  getorders_0_5.GetOrders - Job completed successfully...
main INFO  getorders_0_5.GetOrders - Job failed with error
main INFO  getorders_0_5.GetOrders - 1
main INFO  getorders_0_5.GetOrders - java.io.FileNotFoundException:E:\projects\yema\etl\dataload\orders\out\archived\orders_20151012155322.csv (The system cannot find the path specified)
2015-10-12 15:53:24;kfxyur;kfxyur;kfxyur;YEMA;GetOrders;windows;6;Java Exception;tFileCopy_2;java.io.FileNotFoundException:E:\projects\yema\etl\dataload\orders\out\archived\orders_20151012155322.csv (The system cannot find the path specified);1
main INFO  getorders_0_5.GetOrders - Job completed successfully...
main INFO  getorders_0_5.GetOrders - Job failed with error
main INFO  getorders_0_5.GetOrders - 1
main INFO  getorders_0_5.GetOrders - java.io.FileNotFoundException:E:\projects\yema\etl\dataload\orders\out\archived\orders_20151012155437.csv (The system cannot find the path specified)
2015-10-12 15:54:38;o8WqqX;o8WqqX;o8WqqX;YEMA;GetOrders;windows;6;Java Exception;tFileCopy_2;java.io.FileNotFoundException:E:\projects\yema\etl\dataload\orders\out\archived\orders_20151012155437.csv (The system cannot find the path specified);1
main INFO  getorders_0_5.GetOrders - Job completed successfully...
main INFO  getorders_0_5.GetOrders - Job failed with error
main INFO  getorders_0_5.GetOrders - 1
main INFO  getorders_0_5.GetOrders - java.lang.RuntimeException:The source File "E:/projects/yema/etl/dataload/orders/out/orders_20151012155623.csv" does not exist or is not a file.
2015-10-12 15:56:24;RWwnSe;RWwnSe;RWwnSe;YEMA;GetOrders;windows;6;Java Exception;tFileCopy_2;java.lang.RuntimeException:The source File "E:/projects/yema/etl/dataload/orders/out/orders_20151012155623.csv" does not exist or is not a file.;1
main INFO  getorders_0_5.GetOrders - Job completed successfully...
main INFO  getorders_0_5.GetOrders - Job completed successfully...
main INFO  getorders_0_5.GetOrders - no soap response, not orders[processing] to extract
main INFO  getorders_0_5.GetOrders - Job completed successfully...
main INFO  getorders_0_5.GetOrders - Job completed successfully...
main INFO  getorders_0_5.GetOrders - Job failed with error
main INFO  getorders_0_5.GetOrders - 4
main INFO  getorders_0_5.GetOrders - could not connect to ftp yema-systest.salmon-cloud.com2
2015-10-12 16:11:26;fRruRM;fRruRM;fRruRM;YEMA;GetOrders;windows;5;tDie;tDie_5;could not connect to ftp yema-systest.salmon-cloud.com2;4
main INFO  getorders_0_5.GetOrders - Job failed with error
main INFO  getorders_0_5.GetOrders - 4
main INFO  getorders_0_5.GetOrders - Another Job is running... exiting
2015-10-12 16:12:05;coYjn7;coYjn7;coYjn7;YEMA;GetOrders;windows;5;tDie;tDie_2;Another Job is running... exiting;4
main INFO  getorders_0_5.GetOrders - Job failed with error
main INFO  getorders_0_5.GetOrders - 4
main INFO  getorders_0_5.GetOrders - could not connect to ftp yema-systest.salmon-cloud.com2
2015-10-12 16:12:25;pAMN3t;pAMN3t;pAMN3t;YEMA;GetOrders;windows;5;tDie;tDie_5;could not connect to ftp yema-systest.salmon-cloud.com2;4
main INFO  getorders_0_5.GetOrders - Job failed with error
main INFO  getorders_0_5.GetOrders - 4
main INFO  getorders_0_5.GetOrders - Another Job is running... exiting
2015-10-12 16:18:33;2jKXgT;2jKXgT;2jKXgT;YEMA;GetOrders;windows;5;tDie;tDie_2;Another Job is running... exiting;4
main INFO  getorders_0_5.GetOrders - Job failed with error
main INFO  getorders_0_5.GetOrders - 4
main INFO  getorders_0_5.GetOrders - Another Job is running... exiting
2015-10-12 16:20:18;DNY1RV;DNY1RV;DNY1RV;YEMA;GetOrders;windows;5;tDie;tDie_2;Another Job is running... exiting;4
main INFO  getorders_0_5.GetOrders - no soap response, not orders[processing] to extract
main INFO  getorders_0_5.GetOrders - Job completed successfully...
main INFO  getorders_0_5.GetOrders - Job completed successfully...
main INFO  getorders_0_5.GetOrders - Job completed successfully...
main INFO  getorders_0_5.GetOrders - no soap response, not orders[pending] to extract
main INFO  getorders_0_5.GetOrders - Job completed successfully...
main INFO  getorders_0_5.GetOrders - no soap response, not orders[pending] to extract
main INFO  getorders_0_5.GetOrders - Job completed successfully...
main INFO  getorders_0_5.GetOrders - Job completed successfully...
main INFO  getorders_0_5.GetOrders - Job completed successfully...
main INFO  getorders_0_5.GetOrders - Job completed successfully...
main INFO  getorders_0_5.GetOrders - Job completed successfully...
2015-10-12 16:49:21;Ec1vCC;Ec1vCC;Ec1vCC;YEMA;UpdateOrderStatus;windows;5;tDie;tDie_2;Another Job is running... exiting;4
2015-10-12 17:06:28;cyTfpR;cyTfpR;cyTfpR;YEMA;UpdateOrderStatus;windows;5;tDie;tDie_2;Another Job is running... exiting;4
2015-10-12 17:06:52;2YuJJ7;2YuJJ7;2YuJJ7;YEMA;UpdateOrderStatus;windows;3;tWarn;tWarn_4;no file to process;42
2015-10-12 17:06:52;2YuJJ7;2YuJJ7;2YuJJ7;YEMA;UpdateOrderStatus;windows;6;Java Exception;tFTPFileList_1;com.jcraft.jsch.SftpException:No such file;1
2015-10-12 17:06:52;2YuJJ7;2YuJJ7;2YuJJ7;YEMA;UpdateOrderStatus;windows;6;Java Exception;tFileCopy_1;java.lang.RuntimeException:The source File "E:/projects/yema/etl/dataload/orders/in/orders_status_update.csv" does not exist or is not a file.;1
2015-10-12 17:09:13;p8bx6D;p8bx6D;p8bx6D;YEMA;UpdateOrderStatus;windows;3;tWarn;tWarn_4;no file to process;42
2015-10-12 17:09:13;p8bx6D;p8bx6D;p8bx6D;YEMA;UpdateOrderStatus;windows;6;Java Exception;tFTPFileList_1;com.jcraft.jsch.SftpException:No such file;1
2015-10-12 17:09:13;p8bx6D;p8bx6D;p8bx6D;YEMA;UpdateOrderStatus;windows;6;Java Exception;tFileCopy_1;java.lang.RuntimeException:The source File "E:/projects/yema/etl/dataload/orders/in/orders_status_update.csv" does not exist or is not a file.;1
main INFO  getorders_0_5.GetOrders - Job completed successfully...
2015-10-12 17:11:49;fMgxqf;fMgxqf;fMgxqf;YEMA;UpdateOrderStatus;windows;6;Java Exception;tSOAP_1;com.sun.xml.internal.messaging.saaj.SOAPExceptionImpl:com.sun.xml.internal.messaging.saaj.SOAPExceptionImpl: Message send failed;1
2015-10-12 17:11:49;fMgxqf;fMgxqf;fMgxqf;YEMA;UpdateOrderStatus;windows;6;Java Exception;tFileCopy_1;java.lang.RuntimeException:The source File "E:/projects/yema/etl/dataload/orders/in/orders_status_update.csv" does not exist or is not a file.;1
2015-10-12 18:05:19;GXzLij;GXzLij;GXzLij;YEMA;UpdateOrderStatus;windows;3;tWarn;tWarn_4;no file to process;42
2015-10-12 18:05:19;GXzLij;GXzLij;GXzLij;YEMA;UpdateOrderStatus;windows;6;Java Exception;tFileCopy_1;java.lang.RuntimeException:The source File "E:/projects/yema/etl/dataload/orders/in/orders_status_update.csv" does not exist or is not a file.;1
2015-10-12 18:12:03;zvGcQH;zvGcQH;zvGcQH;YEMA;UpdateOrderStatus;windows;3;tWarn;tWarn_4;no file to process;42
2015-10-12 18:12:04;zvGcQH;zvGcQH;zvGcQH;YEMA;UpdateOrderStatus;windows;6;Java Exception;tFileCopy_1;java.lang.RuntimeException:The source File "E:/projects/yema/etl/dataload/orders/in/orders_status_update.csv" does not exist or is not a file.;1
2015-10-12 18:13:44;oidtIn;oidtIn;oidtIn;YEMA;UpdateOrderStatus;windows;3;tWarn;tWarn_4;no file to process;42
2015-10-12 18:22:30;2aGj5k;2aGj5k;2aGj5k;YEMA;UpdateOrderStatus;windows;3;tWarn;tWarn_4;no file to process on ftp yema-systest.salmon-cloud.com  ./upload/local/orders/in;42
2015-10-12 18:23:17;vy7HLP;vy7HLP;vy7HLP;YEMA;UpdateOrderStatus;windows;3;tWarn;tWarn_4;no file to process on ftp yema-systest.salmon-cloud.com  ./upload/local/orders/in;42
2015-10-12 19:03:19;qBBHkU;qBBHkU;qBBHkU;YEMA;UpdateOrderStatus;windows;5;tDie;tDie_6;can't connect to ftp yema-systest.salmon-cloud.com;6
2015-10-12 19:07:49;dHzErV;dHzErV;dHzErV;YEMA;UpdateOrderStatus;windows;5;tDie;tDie_2;Another Job is running... exiting;4
2015-10-12 19:08:26;Z9aiM4;Z9aiM4;Z9aiM4;YEMA;UpdateOrderStatus;windows;5;tDie;tDie_6;can't connect to ftp yema-systest.salmon-cloud.com;6
2015-10-12 19:09:23;K2fQVR;K2fQVR;K2fQVR;YEMA;UpdateOrderStatus;windows;5;tDie;tDie_6;can't connect to ftp yema-systest.salmon-cloud.com;6
2015-10-12 19:11:46;9Eiagd;9Eiagd;9Eiagd;YEMA;UpdateOrderStatus;windows;5;tDie;tDie_6;can't connect to ftp yema-systest.salmon-cloud.com;6
2015-10-12 19:12:42;oZ1ykm;oZ1ykm;oZ1ykm;YEMA;UpdateOrderStatus;windows;5;tDie;tDie_7;can't remove ftp file ./upload/local/orders/in/orders_status_update.csv;7
2015-10-12 19:14:27;NE2OOF;NE2OOF;NE2OOF;YEMA;UpdateOrderStatus;windows;5;tDie;tDie_2;Another Job is running... exiting;4
2015-10-13 11:10:36;sUgvlD;sUgvlD;sUgvlD;YEMA;UpdateOrderStatus;windows;3;tWarn;tWarn_4;no file to process on ftp www.yema.salmon.ltd.uk  ./upload/local/orders/in;42
2015-10-13 11:13:41;CzL9sC;CzL9sC;CzL9sC;YEMA;GetOrders;windows;6;Java Exception;tFileTouch_1;java.io.IOException:The system cannot find the path specified;1
2015-10-13 11:19:13;eWxBN9;eWxBN9;eWxBN9;YEMA;GetOrders;windows;5;tDie;tDie_5;could not connect to ftp www.yema.salmon.ltd.uk;4
2015-10-13 13:43:50;25pNDg;25pNDg;25pNDg;YEMA;UpdateOrderStatus;windows;3;tWarn;tWarn_4;no file to process on ftp www.yema.salmon.ltd.uk  ./upload/local/orders/in;42
